dataset_1
Running for the first time.
{'KNN': Pipeline(steps=[('standardscaler', StandardScaler()),
                ('kneighborsclassifier', KNeighborsClassifier())]), 'NB': GaussianNB(), 'DT': DecisionTreeClassifier(), 'RF': RandomForestClassifier(), 'SVM': Pipeline(steps=[('standardscaler', StandardScaler()), ('svc', SVC())]), 'MLP': Pipeline(steps=[('standardscaler', StandardScaler()),
                ('mlpclassifier', MLPClassifier())])}
############################
 * Running for seed =  0
############################
 - Training:  KNN
acc =  0.6801853997682503
bac =  0.680448139554868
f1c =  0.7391304347826088
----------------------------
 - Training:  NB
acc =  0.7161066048667439
bac =  0.7161720159835009
f1c =  0.7310647639956092
----------------------------
 - Training:  DT
acc =  0.7161066048667439
bac =  0.7161397911832947
f1c =  0.7237880496054115
----------------------------
 - Training:  RF
acc =  0.8146002317497103
bac =  0.8145221062129415
f1c =  0.8009950248756219
----------------------------
 - Training:  SVM
acc =  0.8273464658169177
bac =  0.8273046102947494
f1c =  0.8206979542719616
----------------------------
 - Training:  MLP
acc =  0.6952491309385863
bac =  0.6954085030506144
f1c =  0.7319062181447503
----------------------------
############################
 * Running for seed =  1
############################
 - Training:  KNN
acc =  0.6767091541135574
bac =  0.6764361519291914
f1c =  0.7385192127460167
----------------------------
 - Training:  NB
acc =  0.7219003476245655
bac =  0.7218543224198677
f1c =  0.732739420935412
----------------------------
 - Training:  DT
acc =  0.6836616454229433
bac =  0.6836357093752685
f1c =  0.6908267270668176
----------------------------
 - Training:  RF
acc =  0.8157589803012746
bac =  0.8158433230213973
f1c =  0.8014981273408239
----------------------------
 - Training:  SVM
acc =  0.8273464658169177
bac =  0.8273744306951963
f1c =  0.823250296559905
----------------------------
 - Training:  MLP
acc =  0.7068366164542295
bac =  0.7068348801237432
f1c =  0.707514450867052
----------------------------
############################
 * Running for seed =  2
############################
 - Training:  KNN
acc =  0.6778679026651216
bac =  0.6781386955400877
f1c =  0.7387218045112782
----------------------------
 - Training:  NB
acc =  0.712630359212051
bac =  0.7126809959611584
f1c =  0.7244444444444443
----------------------------
 - Training:  DT
acc =  0.6987253765932793
bac =  0.6987464552719773
f1c =  0.7038724373576309
----------------------------
 - Training:  RF
acc =  0.8030127462340672
bac =  0.8029158073386612
f1c =  0.7848101265822784
----------------------------
 - Training:  SVM
acc =  0.8238702201622248
bac =  0.8238243318724757
f1c =  0.8164251207729468
----------------------------
 - Training:  MLP
acc =  0.7323290845886443
bac =  0.7323005284867234
f1c =  0.7253269916765754
----------------------------
############################
 * Running for seed =  3
############################
 - Training:  KNN
acc =  0.6709154113557358
bac =  0.6711593408954197
f1c =  0.7279693486590039
----------------------------
 - Training:  NB
acc =  0.7288528389339514
bac =  0.7288927558649136
f1c =  0.7376681614349776
----------------------------
 - Training:  DT
acc =  0.6790266512166859
bac =  0.679022192145742
f1c =  0.6775320139697323
----------------------------
 - Training:  RF
acc =  0.8018539976825029
bac =  0.8017315459310819
f1c =  0.7782101167315175
----------------------------
 - Training:  SVM
acc =  0.8041714947856315
bac =  0.8041161811463435
f1c =  0.7941534713763703
----------------------------
 - Training:  MLP
acc =  0.660486674391657
bac =  0.6603801452264328
f1c =  0.6257982120051085
----------------------------
############################
 * Running for seed =  4
############################
 - Training:  KNN
acc =  0.6917728852838934
bac =  0.6920168428289077
f1c =  0.7452107279693486
----------------------------
 - Training:  NB
acc =  0.7172653534183082
bac =  0.7173159963908224
f1c =  0.7288888888888889
----------------------------
 - Training:  DT
acc =  0.6987253765932793
bac =  0.6987625676720803
f1c =  0.7078651685393258
----------------------------
 - Training:  RF
acc =  0.813441483198146
bac =  0.8133673842055512
f1c =  0.8004956629491945
----------------------------
 - Training:  SVM
acc =  0.8146002317497103
bac =  0.8145543310131478
f1c =  0.8067632850241547
----------------------------
 - Training:  MLP
acc =  0.6882966396292005
bac =  0.6882975638051044
f1c =  0.6882966396292005
----------------------------
############################
 * Running for seed =  5
############################
 - Training:  KNN
acc =  0.6929316338354577
bac =  0.6926586534330154
f1c =  0.7516401124648547
----------------------------
 - Training:  NB
acc =  0.7149478563151797
bac =  0.7149125633754404
f1c =  0.7235955056179775
----------------------------
 - Training:  DT
acc =  0.7056778679026651
bac =  0.7056882143164046
f1c =  0.7032710280373833
----------------------------
 - Training:  RF
acc =  0.8111239860950173
bac =  0.811219064191802
f1c =  0.7944514501891551
----------------------------
 - Training:  SVM
acc =  0.8238702201622248
bac =  0.8239102646730256
f1c =  0.8177458033573141
----------------------------
 - Training:  MLP
acc =  0.7045191193511008
bac =  0.7046677623098736
f1c =  0.6613545816733067
----------------------------
############################
 * Running for seed =  6
############################
 - Training:  KNN
acc =  0.6685979142526072
bac =  0.6688660092807425
f1c =  0.7306967984934086
----------------------------
 - Training:  NB
acc =  0.727694090382387
bac =  0.7277138652573687
f1c =  0.7320410490307867
----------------------------
 - Training:  DT
acc =  0.6813441483198146
bac =  0.6813772879608146
f1c =  0.689966178128523
----------------------------
 - Training:  RF
acc =  0.8111239860950173
bac =  0.8110364569906333
f1c =  0.795483061480552
----------------------------
 - Training:  SVM
acc =  0.8088064889918888
bac =  0.8087672939761107
f1c =  0.801920768307323
----------------------------
 - Training:  MLP
acc =  0.7195828505214369
bac =  0.71945626020452
f1c =  0.6848958333333333
----------------------------
############################
 * Running for seed =  7
############################
 - Training:  KNN
acc =  0.6535341830822712
bac =  0.6532504081808026
f1c =  0.7218604651162791
----------------------------
 - Training:  NB
acc =  0.7056778679026651
bac =  0.7055995961158374
f1c =  0.7245119305856832
----------------------------
 - Training:  DT
acc =  0.6929316338354577
bac =  0.6929298788347512
f1c =  0.6936416184971098
----------------------------
 - Training:  RF
acc =  0.8018539976825029
bac =  0.8019383217324052
f1c =  0.7865168539325843
----------------------------
 - Training:  SVM
acc =  0.8053302433371958
bac =  0.8053622067543181
f1c =  0.7999999999999999
----------------------------
 - Training:  MLP
acc =  0.7253765932792584
bac =  0.7254635000429663
f1c =  0.7033792240300375
----------------------------
############################
 * Running for seed =  8
############################
 - Training:  KNN
acc =  0.6732329084588644
bac =  0.6729666151069864
f1c =  0.7344632768361582
----------------------------
 - Training:  NB
acc =  0.7242178447276941
bac =  0.7241879350348028
f1c =  0.7313769751693003
----------------------------
 - Training:  DT
acc =  0.6987253765932793
bac =  0.698727657471857
f1c =  0.6983758700696056
----------------------------
 - Training:  RF
acc =  0.7995365005793743
bac =  0.7996423047177108
f1c =  0.7796178343949044
----------------------------
 - Training:  SVM
acc =  0.8053302433371958
bac =  0.8053783191544213
f1c =  0.7971014492753623
----------------------------
 - Training:  MLP
acc =  0.746234067207416
bac =  0.7462780355761794
f1c =  0.7364620938628159
----------------------------
############################
 * Running for seed =  9
############################
 - Training:  KNN
acc =  0.6674391657010429
bac =  0.6677005456732835
f1c =  0.7284768211920529
----------------------------
 - Training:  NB
acc =  0.7184241019698725
bac =  0.7184304373979548
f1c =  0.7197231833910035
----------------------------
 - Training:  DT
acc =  0.6836616454229433
bac =  0.6836974735756638
f1c =  0.6929133858267716
----------------------------
 - Training:  RF
acc =  0.8076477404403245
bac =  0.8075266391681706
f1c =  0.7849740932642487
----------------------------
 - Training:  SVM
acc =  0.8192352259559675
bac =  0.8191705336426914
f1c =  0.8083538083538083
----------------------------
 - Training:  MLP
acc =  0.7253765932792584
bac =  0.7253802526424336
f1c =  0.7260115606936416
----------------------------
############################
 * Running for seed =  10
############################
 - Training:  KNN
acc =  0.6848203939745076
bac =  0.6845809701813182
f1c =  0.7389635316698657
----------------------------
 - Training:  NB
acc =  0.6882966396292005
bac =  0.6882250580046403
f1c =  0.7066521264994549
----------------------------
 - Training:  DT
acc =  0.6778679026651216
bac =  0.6778191329380425
f1c =  0.6911111111111111
----------------------------
 - Training:  RF
acc =  0.8157589803012746
bac =  0.8158379522213629
f1c =  0.8024844720496895
----------------------------
 - Training:  SVM
acc =  0.8076477404403245
bac =  0.8076716507690986
f1c =  0.8037825059101655
----------------------------
 - Training:  MLP
acc =  0.7300115874855156
bac =  0.7300716464724586
f1c =  0.7155067155067155
----------------------------
############################
 * Running for seed =  11
############################
 - Training:  KNN
acc =  0.6593279258400927
bac =  0.6590374452178396
f1c =  0.7277777777777779
----------------------------
 - Training:  NB
acc =  0.7253765932792584
bac =  0.7253346008421415
f1c =  0.735195530726257
----------------------------
 - Training:  DT
acc =  0.6859791425260718
bac =  0.6859263555899286
f1c =  0.6998892580287929
----------------------------
 - Training:  RF
acc =  0.8227114716106605
bac =  0.8227877674658417
f1c =  0.8104089219330854
----------------------------
 - Training:  SVM
acc =  0.828505214368482
bac =  0.8285506359027242
f1c =  0.8216867469879517
----------------------------
 - Training:  MLP
acc =  0.6384704519119351
bac =  0.6382793030849875
f1c =  0.6898608349900597
----------------------------
############################
 * Running for seed =  12
############################
 - Training:  KNN
acc =  0.6790266512166859
bac =  0.6787831915442124
f1c =  0.7349282296650718
----------------------------
 - Training:  NB
acc =  0.7346465816917729
bac =  0.7346341411016585
f1c =  0.7376861397479954
----------------------------
 - Training:  DT
acc =  0.7323290845886443
bac =  0.732308584686775
f1c =  0.7372013651877134
----------------------------
 - Training:  RF
acc =  0.8250289687137891
bac =  0.8251348070808627
f1c =  0.8076433121019109
----------------------------
 - Training:  SVM
acc =  0.8215527230590962
bac =  0.8216088768582968
f1c =  0.8126520681265207
----------------------------
 - Training:  MLP
acc =  0.712630359212051
bac =  0.7124527369596976
f1c =  0.7510040160642569
----------------------------
############################
 * Running for seed =  13
############################
 - Training:  KNN
acc =  0.6801853997682503
bac =  0.6804642519549712
f1c =  0.742056074766355
----------------------------
 - Training:  NB
acc =  0.6917728852838934
bac =  0.6918315502277219
f1c =  0.7064017660044151
----------------------------
 - Training:  DT
acc =  0.7207415990730012
bac =  0.7207479376127868
f1c =  0.7220299884659745
----------------------------
 - Training:  RF
acc =  0.7983777520278099
bac =  0.7982834923090143
f1c =  0.7803030303030304
----------------------------
 - Training:  SVM
acc =  0.8041714947856315
bac =  0.804137664346481
f1c =  0.7980884109916369
----------------------------
 - Training:  MLP
acc =  0.7392815758980301
bac =  0.7393121079315974
f1c =  0.7457627118644068
----------------------------
############################
 * Running for seed =  14
############################
 - Training:  KNN
acc =  0.6674391657010429
bac =  0.6671527240697774
f1c =  0.733519034354689
----------------------------
 - Training:  NB
acc =  0.7161066048667439
bac =  0.7160189481825212
f1c =  0.736275565123789
----------------------------
 - Training:  DT
acc =  0.6674391657010429
bac =  0.667421264071496
f1c =  0.6727480045610034
----------------------------
 - Training:  RF
acc =  0.8203939745075318
bac =  0.8204944358511643
f1c =  0.8035487959442331
----------------------------
 - Training:  SVM
acc =  0.8250289687137891
bac =  0.8250623012803987
f1c =  0.8200238379022646
----------------------------
 - Training:  MLP
acc =  0.7439165701042874
bac =  0.7438638609607287
f1c =  0.7552602436323367
----------------------------
############################
 * Running for seed =  15
############################
 - Training:  KNN
acc =  0.6882966396292005
bac =  0.688536564406634
f1c =  0.7415946205571566
----------------------------
 - Training:  NB
acc =  0.7230590961761297
bac =  0.7231003480278422
f1c =  0.7323628219484882
----------------------------
 - Training:  DT
acc =  0.6987253765932793
bac =  0.6987357136719086
f1c =  0.7011494252873564
----------------------------
 - Training:  RF
acc =  0.8203939745075318
bac =  0.8203064578499614
f1c =  0.805520702634881
----------------------------
 - Training:  SVM
acc =  0.8261877172653534
bac =  0.8261498882873592
f1c =  0.8201438848920862
----------------------------
 - Training:  MLP
acc =  0.7450753186558516
bac =  0.7450454369682908
f1c =  0.7380952380952381
----------------------------
############################
 * Running for seed =  16
############################
 - Training:  KNN
acc =  0.6697566628041715
bac =  0.6694809658846782
f1c =  0.7333956969130029
----------------------------
 - Training:  NB
acc =  0.7253765932792584
bac =  0.7253184884420383
f1c =  0.7386990077177508
----------------------------
 - Training:  DT
acc =  0.6871378910776361
bac =  0.6871052461974736
f1c =  0.695945945945946
----------------------------
 - Training:  RF
acc =  0.816917728852839
bac =  0.8169926742287531
f1c =  0.8044554455445545
----------------------------
 - Training:  SVM
acc =  0.8238702201622248
bac =  0.8239210062730944
f1c =  0.8159806295399515
----------------------------
 - Training:  MLP
acc =  0.7543453070683661
bac =  0.7543557188278767
f1c =  0.7523364485981309
----------------------------
############################
 * Running for seed =  17
############################
 - Training:  KNN
acc =  0.6894553881807648
bac =  0.689213285210965
f1c =  0.7432950191570881
----------------------------
 - Training:  NB
acc =  0.727694090382387
bac =  0.7276655280570594
f1c =  0.7344632768361582
----------------------------
 - Training:  DT
acc =  0.7022016222479722
bac =  0.7021757110939246
f1c =  0.7089467723669309
----------------------------
 - Training:  RF
acc =  0.8157589803012746
bac =  0.815854064621466
f1c =  0.7994955863808323
----------------------------
 - Training:  SVM
acc =  0.8250289687137891
bac =  0.8250864698805533
f1c =  0.8160779537149816
----------------------------
 - Training:  MLP
acc =  0.6813441483198146
bac =  0.6813423777605911
f1c =  0.6820809248554912
----------------------------
############################
 * Running for seed =  18
############################
 - Training:  KNN
acc =  0.6651216685979142
bac =  0.6654313826587608
f1c =  0.7355901189387009
----------------------------
 - Training:  NB
acc =  0.7022016222479722
bac =  0.702269700094526
f1c =  0.7185104052573932
----------------------------
 - Training:  DT
acc =  0.697566628041715
bac =  0.6976105310647074
f1c =  0.7083798882681563
----------------------------
 - Training:  RF
acc =  0.7995365005793743
bac =  0.7994623829165592
f1c =  0.7856257744733581
----------------------------
 - Training:  SVM
acc =  0.8076477404403245
bac =  0.8076098865687034
f1c =  0.8009592326139089
----------------------------
 - Training:  MLP
acc =  0.694090382387022
bac =  0.694020151241729
f1c =  0.674074074074074
----------------------------
############################
 * Running for seed =  19
############################
 - Training:  KNN
acc =  0.6767091541135574
bac =  0.6764952307295695
f1c =  0.7272727272727273
----------------------------
 - Training:  NB
acc =  0.7103128621089224
bac =  0.7102936753458795
f1c =  0.7152619589977222
----------------------------
 - Training:  DT
acc =  0.7184241019698725
bac =  0.7184465497980579
f1c =  0.7131050767414403
----------------------------
 - Training:  RF
acc =  0.8122827346465817
bac =  0.8123872131992782
f1c =  0.7938931297709924
----------------------------
 - Training:  SVM
acc =  0.7995365005793743
bac =  0.7996047091174701
f1c =  0.7872078720787208
----------------------------
 - Training:  MLP
acc =  0.7346465816917729
bac =  0.7346583097018132
f1c =  0.7321637426900585
----------------------------
############################
 * Running for seed =  20
############################
 - Training:  KNN
acc =  0.6743916570104287
bac =  0.6741374495144796
f1c =  0.7331433998100665
----------------------------
 - Training:  NB
acc =  0.6964078794901506
bac =  0.6963645054567329
f1c =  0.7075892857142857
----------------------------
 - Training:  DT
acc =  0.6987253765932793
bac =  0.6986900618716163
f1c =  0.7078651685393259
----------------------------
 - Training:  RF
acc =  0.7694090382387022
bac =  0.7695228581249463
f1c =  0.7445442875481386
----------------------------
 - Training:  SVM
acc =  0.7914252607184241
bac =  0.7914733178654292
f1c =  0.7826086956521738
----------------------------
 - Training:  MLP
acc =  0.7114716106604867
bac =  0.7114994199535962
f1c =  0.7046263345195729
----------------------------
############################
 * Running for seed =  21
############################
 - Training:  KNN
acc =  0.6558516801853997
bac =  0.6555571667955659
f1c =  0.7257617728531857
----------------------------
 - Training:  NB
acc =  0.7172653534183082
bac =  0.7172005241900834
f1c =  0.7324561403508771
----------------------------
 - Training:  DT
acc =  0.6685979142526072
bac =  0.6685974692790237
f1c =  0.6689814814814815
----------------------------
 - Training:  RF
acc =  0.816917728852839
bac =  0.8169873034287187
f1c =  0.8054187192118226
----------------------------
 - Training:  SVM
acc =  0.8088064889918888
bac =  0.8088344289765403
f1c =  0.804270462633452
----------------------------
 - Training:  MLP
acc =  0.6871378910776361
bac =  0.6870381111970438
f1c =  0.7121535181236673
----------------------------
############################
 * Running for seed =  22
############################
 - Training:  KNN
acc =  0.6778679026651216
bac =  0.6776016155366503
f1c =  0.7382297551789078
----------------------------
 - Training:  NB
acc =  0.7114716106604867
bac =  0.7114161725530634
f1c =  0.7248618784530386
----------------------------
 - Training:  DT
acc =  0.7137891077636153
bac =  0.7137632121680846
f1c =  0.7202718006795017
----------------------------
 - Training:  RF
acc =  0.8308227114716107
bac =  0.8309218441178998
f1c =  0.8151898734177216
----------------------------
 - Training:  SVM
acc =  0.8296639629200464
bac =  0.8296919309100284
f1c =  0.8256227758007116
----------------------------
 - Training:  MLP
acc =  0.7172653534183082
bac =  0.7172434905903584
f1c =  0.7227272727272728
----------------------------
############################
 * Running for seed =  23
############################
 - Training:  KNN
acc =  0.6882966396292005
bac =  0.6880370800034373
f1c =  0.7455061494796593
----------------------------
 - Training:  NB
acc =  0.7195828505214369
bac =  0.719528766004984
f1c =  0.7323008849557522
----------------------------
 - Training:  DT
acc =  0.6720741599073001
bac =  0.6720965455014178
f1c =  0.6658795749704841
----------------------------
 - Training:  RF
acc =  0.8064889918887601
bac =  0.8065921199621895
f1c =  0.7878017789072427
----------------------------
 - Training:  SVM
acc =  0.8076477404403245
bac =  0.8076823923691674
f1c =  0.801909307875895
----------------------------
 - Training:  MLP
acc =  0.657010428736964
bac =  0.6569455186044513
f1c =  0.6754385964912281
----------------------------
############################
 * Running for seed =  24
############################
 - Training:  KNN
acc =  0.6813441483198146
bac =  0.681627030162413
f1c =  0.7437092264678471
----------------------------
 - Training:  NB
acc =  0.7161066048667439
bac =  0.7161478473833462
f1c =  0.7256438969764838
----------------------------
 - Training:  DT
acc =  0.6825028968713789
bac =  0.6825320099682048
f1c =  0.6900452488687783
----------------------------
 - Training:  RF
acc =  0.8041714947856315
bac =  0.8040812709461201
f1c =  0.7874213836477987
----------------------------
 - Training:  SVM
acc =  0.8157589803012746
bac =  0.8157009968204864
f1c =  0.8058608058608058
----------------------------
 - Training:  MLP
acc =  0.6767091541135574
bac =  0.6766805233307553
f1c =  0.6682520808561236
----------------------------
############################
 * Running for seed =  25
############################
 - Training:  KNN
acc =  0.6546929316338355
bac =  0.6549556371917161
f1c =  0.718336483931947
----------------------------
 - Training:  NB
acc =  0.7346465816917729
bac =  0.7347066469021225
f1c =  0.7475192943770672
----------------------------
 - Training:  DT
acc =  0.7068366164542295
bac =  0.7068590487238979
f1c =  0.7121729237770192
----------------------------
 - Training:  RF
acc =  0.8157589803012746
bac =  0.8156902552204177
f1c =  0.8039457459926018
----------------------------
 - Training:  SVM
acc =  0.8250289687137891
bac =  0.8249978516799863
f1c =  0.8200238379022646
----------------------------
 - Training:  MLP
acc =  0.7601390498261877
bac =  0.7601803514651543
f1c =  0.7681970884658456
----------------------------
############################
 * Running for seed =  26
############################
 - Training:  KNN
acc =  0.6720741599073001
bac =  0.6717984660995102
f1c =  0.7352666043030871
----------------------------
 - Training:  NB
acc =  0.709154113557358
bac =  0.7090959869382143
f1c =  0.7232635060639471
----------------------------
 - Training:  DT
acc =  0.6859791425260718
bac =  0.6859478387900662
f1c =  0.6944757609921082
----------------------------
 - Training:  RF
acc =  0.8180764774044033
bac =  0.8181635086362464
f1c =  0.8035043804755946
----------------------------
 - Training:  SVM
acc =  0.828505214368482
bac =  0.8285452651026897
f1c =  0.8225419664268586
----------------------------
 - Training:  MLP
acc =  0.7543453070683661
bac =  0.7543584042278938
f1c =  0.7517564402810304
----------------------------
############################
 * Running for seed =  27
############################
 - Training:  KNN
acc =  0.6859791425260718
bac =  0.685700781988485
f1c =  0.7469654528478058
----------------------------
 - Training:  NB
acc =  0.7068366164542295
bac =  0.7068080261235714
f1c =  0.7141242937853107
----------------------------
 - Training:  DT
acc =  0.6801853997682503
bac =  0.6801715433530979
f1c =  0.6842105263157895
----------------------------
 - Training:  RF
acc =  0.7995365005793743
bac =  0.7996154507175389
f1c =  0.7850931677018633
----------------------------
 - Training:  SVM
acc =  0.8088064889918888
bac =  0.8088559121766778
f1c =  0.8004836759371222
----------------------------
 - Training:  MLP
acc =  0.712630359212051
bac =  0.7124983887599896
f1c =  0.7422037422037421
----------------------------
############################
 * Running for seed =  28
############################
 - Training:  KNN
acc =  0.6813441483198146
bac =  0.6810738377588725
f1c =  0.7417840375586854
----------------------------
 - Training:  NB
acc =  0.7323290845886443
bac =  0.7322844160866202
f1c =  0.7424749163879599
----------------------------
 - Training:  DT
acc =  0.7033603707995365
bac =  0.7033438601014007
f1c =  0.7077625570776256
----------------------------
 - Training:  RF
acc =  0.8342989571263036
bac =  0.8343752685400017
f1c =  0.8228004956629492
----------------------------
 - Training:  SVM
acc =  0.8412514484356894
bac =  0.8412848027842228
f1c =  0.8367103694874851
----------------------------
 - Training:  MLP
acc =  0.6790266512166859
bac =  0.6791591475466185
f1c =  0.6379084967320261
----------------------------
############################
 * Running for seed =  29
############################
 - Training:  KNN
acc =  0.6535341830822712
bac =  0.653226239580648
f1c =  0.72644098810613
----------------------------
 - Training:  NB
acc =  0.7149478563151797
bac =  0.7148964509753373
f1c =  0.7272727272727273
----------------------------
 - Training:  DT
acc =  0.7068366164542295
bac =  0.7068375655237604
f1c =  0.7068366164542295
----------------------------
 - Training:  RF
acc =  0.816917728852839
bac =  0.817006101228839
f1c =  0.8020050125313283
----------------------------
 - Training:  SVM
acc =  0.813441483198146
bac =  0.8134694294062044
f1c =  0.8090154211150653
----------------------------
 - Training:  MLP
acc =  0.6964078794901506
bac =  0.6963269098564921
f1c =  0.7164502164502163
----------------------------
-------------------------------------------
dataset_2
Running for the first time.
{'KNN': Pipeline(steps=[('standardscaler', StandardScaler()),
                ('kneighborsclassifier', KNeighborsClassifier())]), 'NB': GaussianNB(), 'DT': DecisionTreeClassifier(), 'RF': RandomForestClassifier(), 'SVM': Pipeline(steps=[('standardscaler', StandardScaler()), ('svc', SVC())]), 'MLP': Pipeline(steps=[('standardscaler', StandardScaler()),
                ('mlpclassifier', MLPClassifier())])}
############################
 * Running for seed =  0
############################
 - Training:  KNN
acc =  0.6639629200463499
bac =  0.6642498066511988
f1c =  0.7304832713754645
----------------------------
 - Training:  NB
acc =  0.7288528389339514
bac =  0.728855160264673
f1c =  0.7291666666666665
----------------------------
 - Training:  DT
acc =  0.6685979142526072
bac =  0.6686323794792473
f1c =  0.677927927927928
----------------------------
 - Training:  RF
acc =  0.8331402085747392
bac =  0.8330647933316147
f1c =  0.8213399503722084
----------------------------
 - Training:  SVM
acc =  0.816917728852839
bac =  0.8168396064277734
f1c =  0.8034825870646766
----------------------------
 - Training:  MLP
acc =  0.7531865585168018
bac =  0.7531338618200567
f1c =  0.741190765492102
----------------------------
############################
 * Running for seed =  1
############################
 - Training:  KNN
acc =  0.657010428736964
bac =  0.6567092034029389
f1c =  0.7279411764705882
----------------------------
 - Training:  NB
acc =  0.7404403244495944
bac =  0.7404238635387128
f1c =  0.7442922374429225
----------------------------
 - Training:  DT
acc =  0.6755504055619931
bac =  0.6755123743232792
f1c =  0.6860986547085203
----------------------------
 - Training:  RF
acc =  0.828505214368482
bac =  0.8285801753029132
f1c =  0.8168316831683168
----------------------------
 - Training:  SVM
acc =  0.8331402085747392
bac =  0.833199063332474
f1c =  0.824390243902439
----------------------------
 - Training:  MLP
acc =  0.7589803012746235
bac =  0.7589531236572999
f1c =  0.7647058823529412
----------------------------
############################
 * Running for seed =  2
############################
 - Training:  KNN
acc =  0.6662804171494786
bac =  0.6665914754661855
f1c =  0.7367458866544789
----------------------------
 - Training:  NB
acc =  0.7184241019698725
bac =  0.7184304373979548
f1c =  0.7197231833910035
----------------------------
 - Training:  DT
acc =  0.6859791425260718
bac =  0.6860257153905647
f1c =  0.6978818283166109
----------------------------
 - Training:  RF
acc =  0.8203939745075318
bac =  0.820330626450116
f1c =  0.8098159509202454
----------------------------
 - Training:  SVM
acc =  0.8261877172653534
bac =  0.826117663487153
f1c =  0.8148148148148148
----------------------------
 - Training:  MLP
acc =  0.7265353418308227
bac =  0.7265913680501848
f1c =  0.7389380530973452
----------------------------
############################
 * Running for seed =  3
############################
 - Training:  KNN
acc =  0.6628041714947857
bac =  0.6630789722437054
f1c =  0.7272727272727273
----------------------------
 - Training:  NB
acc =  0.7427578215527231
bac =  0.7427628469536822
f1c =  0.7436489607390301
----------------------------
 - Training:  DT
acc =  0.6790266512166859
bac =  0.679035619145828
f1c =  0.6812428078250864
----------------------------
 - Training:  RF
acc =  0.8227114716106605
bac =  0.8226266434648105
f1c =  0.8085106382978722
----------------------------
 - Training:  SVM
acc =  0.813441483198146
bac =  0.8133754404056028
f1c =  0.8019680196801968
----------------------------
 - Training:  MLP
acc =  0.7369640787949016
bac =  0.7370134055168858
f1c =  0.7474972191323692
----------------------------
############################
 * Running for seed =  4
############################
 - Training:  KNN
acc =  0.6825028968713789
bac =  0.6827736959697517
f1c =  0.7424812030075187
----------------------------
 - Training:  NB
acc =  0.7184241019698725
bac =  0.7184250665979204
f1c =  0.7184241019698725
----------------------------
 - Training:  DT
acc =  0.7068366164542295
bac =  0.7068697903239667
f1c =  0.7147688838782412
----------------------------
 - Training:  RF
acc =  0.8203939745075318
bac =  0.8203333118501333
f1c =  0.810281517747858
----------------------------
 - Training:  SVM
acc =  0.8099652375434531
bac =  0.809895161983329
f1c =  0.7975308641975308
----------------------------
 - Training:  MLP
acc =  0.7172653534183082
bac =  0.717353591991063
f1c =  0.7370689655172413
----------------------------
############################
 * Running for seed =  5
############################
 - Training:  KNN
acc =  0.6801853997682503
bac =  0.6798815201512417
f1c =  0.7467889908256882
----------------------------
 - Training:  NB
acc =  0.7161066048667439
bac =  0.716102195583054
f1c =  0.7174163783160322
----------------------------
 - Training:  DT
acc =  0.7253765932792584
bac =  0.725329230042107
f1c =  0.7363737486095662
----------------------------
 - Training:  RF
acc =  0.8203939745075318
bac =  0.8204729526510268
f1c =  0.8074534161490683
----------------------------
 - Training:  SVM
acc =  0.813441483198146
bac =  0.8135150812064965
f1c =  0.8009888751545118
----------------------------
 - Training:  MLP
acc =  0.7450753186558516
bac =  0.745048122368308
f1c =  0.751131221719457
----------------------------
############################
 * Running for seed =  6
############################
 - Training:  KNN
acc =  0.657010428736964
bac =  0.6573080476067715
f1c =  0.7269372693726938
----------------------------
 - Training:  NB
acc =  0.7311703360370799
bac =  0.7311538626793848
f1c =  0.7270588235294118
----------------------------
 - Training:  DT
acc =  0.6790266512166859
bac =  0.6790409899458623
f1c =  0.6827033218785796
----------------------------
 - Training:  RF
acc =  0.8273464658169177
bac =  0.8272750708945604
f1c =  0.815822002472188
----------------------------
 - Training:  SVM
acc =  0.8053302433371958
bac =  0.805260161553665
f1c =  0.7925925925925925
----------------------------
 - Training:  MLP
acc =  0.7636152954808807
bac =  0.7636579444874109
f1c =  0.7718120805369127
----------------------------
############################
 * Running for seed =  7
############################
 - Training:  KNN
acc =  0.6546929316338355
bac =  0.65440781558821
f1c =  0.7230483271375465
----------------------------
 - Training:  NB
acc =  0.7137891077636153
bac =  0.7137658975681017
f1c =  0.7196367763904654
----------------------------
 - Training:  DT
acc =  0.6952491309385863
bac =  0.6952312666494801
f1c =  0.7001140250855188
----------------------------
 - Training:  RF
acc =  0.8099652375434531
bac =  0.8100348027842228
f1c =  0.7980295566502463
----------------------------
 - Training:  SVM
acc =  0.7983777520278099
bac =  0.7984526725100971
f1c =  0.7846534653465347
----------------------------
 - Training:  MLP
acc =  0.6546929316338355
bac =  0.6546602431898255
f1c =  0.6644144144144144
----------------------------
############################
 * Running for seed =  8
############################
 - Training:  KNN
acc =  0.6581691772885284
bac =  0.6578666108103464
f1c =  0.7291092745638199
----------------------------
 - Training:  NB
acc =  0.7288528389339514
bac =  0.728855160264673
f1c =  0.728538283062645
----------------------------
 - Training:  DT
acc =  0.697566628041715
bac =  0.6975729354644669
f1c =  0.6961583236321304
----------------------------
 - Training:  RF
acc =  0.8122827346465817
bac =  0.8123576737990892
f1c =  0.7995049504950494
----------------------------
 - Training:  SVM
acc =  0.8053302433371958
bac =  0.8054159147546618
f1c =  0.7900000000000001
----------------------------
 - Training:  MLP
acc =  0.7288528389339514
bac =  0.7288605310647074
f1c =  0.7272727272727272
----------------------------
############################
 * Running for seed =  9
############################
 - Training:  KNN
acc =  0.6512166859791425
bac =  0.6515075835696486
f1c =  0.7210379981464319
----------------------------
 - Training:  NB
acc =  0.7311703360370799
bac =  0.7311350648792645
f1c =  0.722488038277512
----------------------------
 - Training:  DT
acc =  0.7137891077636153
bac =  0.7137658975681017
f1c =  0.7076923076923077
----------------------------
 - Training:  RF
acc =  0.8122827346465817
bac =  0.8121750665979204
f1c =  0.7928388746803069
----------------------------
 - Training:  SVM
acc =  0.8053302433371958
bac =  0.8052333075534932
f1c =  0.7873417721518988
----------------------------
 - Training:  MLP
acc =  0.7381228273464658
bac =  0.7381090487238979
f1c =  0.7347417840375587
----------------------------
############################
 * Running for seed =  10
############################
 - Training:  KNN
acc =  0.6616454229432214
bac =  0.6613817994328435
f1c =  0.7245283018867925
----------------------------
 - Training:  NB
acc =  0.7022016222479722
bac =  0.7021810818939589
f1c =  0.7076222980659841
----------------------------
 - Training:  DT
acc =  0.7033603707995365
bac =  0.7033116353011944
f1c =  0.7155555555555555
----------------------------
 - Training:  RF
acc =  0.8030127462340672
bac =  0.8030769313396924
f1c =  0.7916666666666667
----------------------------
 - Training:  SVM
acc =  0.8006952491309386
bac =  0.8007486895247916
f1c =  0.7912621359223302
----------------------------
 - Training:  MLP
acc =  0.712630359212051
bac =  0.7125682091604366
f1c =  0.7274725274725274
----------------------------
############################
 * Running for seed =  11
############################
 - Training:  KNN
acc =  0.6651216685979142
bac =  0.664829853054911
f1c =  0.7326549491211841
----------------------------
 - Training:  NB
acc =  0.7450753186558516
bac =  0.7450696055684455
f1c =  0.7465437788018434
----------------------------
 - Training:  DT
acc =  0.6697566628041715
bac =  0.6696957978860532
f1c =  0.6864686468646864
----------------------------
 - Training:  RF
acc =  0.8331402085747392
bac =  0.8331963779324568
f1c =  0.8248175182481752
----------------------------
 - Training:  SVM
acc =  0.8273464658169177
bac =  0.8274066554954025
f1c =  0.818070818070818
----------------------------
 - Training:  MLP
acc =  0.7358053302433372
bac =  0.7358989645097533
f1c =  0.7128463476070529
----------------------------
############################
 * Running for seed =  12
############################
 - Training:  KNN
acc =  0.6767091541135574
bac =  0.6764388373292085
f1c =  0.7380281690140844
----------------------------
 - Training:  NB
acc =  0.7392815758980301
bac =  0.7392959955314944
f1c =  0.7362250879249708
----------------------------
 - Training:  DT
acc =  0.6836616454229433
bac =  0.6836088553750966
f1c =  0.6976744186046512
----------------------------
 - Training:  RF
acc =  0.8308227114716107
bac =  0.8309111025178311
f1c =  0.8170426065162907
----------------------------
 - Training:  SVM
acc =  0.8146002317497103
bac =  0.8146832302139727
f1c =  0.800498753117207
----------------------------
 - Training:  MLP
acc =  0.746234067207416
bac =  0.7462377545759216
f1c =  0.745644599303136
----------------------------
############################
 * Running for seed =  13
############################
 - Training:  KNN
acc =  0.6593279258400927
bac =  0.6596389748216894
f1c =  0.7312614259597806
----------------------------
 - Training:  NB
acc =  0.7056778679026651
bac =  0.7056882143164046
f1c =  0.7080459770114943
----------------------------
 - Training:  DT
acc =  0.709154113557358
bac =  0.7091604365386268
f1c =  0.7104959630911187
----------------------------
 - Training:  RF
acc =  0.8354577056778679
bac =  0.835387664346481
f1c =  0.8246913580246914
----------------------------
 - Training:  SVM
acc =  0.8099652375434531
bac =  0.8099032181833806
f1c =  0.7990196078431373
----------------------------
 - Training:  MLP
acc =  0.7404403244495944
bac =  0.7404507175388846
f1c =  0.742528735632184
----------------------------
############################
 * Running for seed =  14
############################
 - Training:  KNN
acc =  0.6697566628041715
bac =  0.6694594826845407
f1c =  0.737327188940092
----------------------------
 - Training:  NB
acc =  0.7265353418308227
bac =  0.726494693649566
f1c =  0.7360178970917226
----------------------------
 - Training:  DT
acc =  0.6685979142526072
bac =  0.6685894130789722
f1c =  0.671264367816092
----------------------------
 - Training:  RF
acc =  0.8273464658169177
bac =  0.82742813869554
f1c =  0.8144458281444583
----------------------------
 - Training:  SVM
acc =  0.8238702201622248
bac =  0.8239263770731288
f1c =  0.8150851581508516
----------------------------
 - Training:  MLP
acc =  0.746234067207416
bac =  0.7461947881756466
f1c =  0.7547592385218366
----------------------------
############################
 * Running for seed =  15
############################
 - Training:  KNN
acc =  0.6674391657010429
bac =  0.6677005456732835
f1c =  0.7284768211920529
----------------------------
 - Training:  NB
acc =  0.727694090382387
bac =  0.7276977528572657
f1c =  0.7283236994219653
----------------------------
 - Training:  DT
acc =  0.6929316338354577
bac =  0.6929298788347512
f1c =  0.6922183507549361
----------------------------
 - Training:  RF
acc =  0.8203939745075318
bac =  0.8203145140500129
f1c =  0.8069738480697385
----------------------------
 - Training:  SVM
acc =  0.8122827346465817
bac =  0.8121965497980579
f1c =  0.7969924812030076
----------------------------
 - Training:  MLP
acc =  0.7288528389339514
bac =  0.7288873850648793
f1c =  0.7364864864864865
----------------------------
############################
 * Running for seed =  16
############################
 - Training:  KNN
acc =  0.657010428736964
bac =  0.6566984618028702
f1c =  0.7299270072992702
----------------------------
 - Training:  NB
acc =  0.746234067207416
bac =  0.7462270129758528
f1c =  0.7479861910241657
----------------------------
 - Training:  DT
acc =  0.7172653534183082
bac =  0.7172408051903412
f1c =  0.7233560090702948
----------------------------
 - Training:  RF
acc =  0.8331402085747392
bac =  0.8332151757325771
f1c =  0.8217821782178217
----------------------------
 - Training:  SVM
acc =  0.8296639629200464
bac =  0.829729526510269
f1c =  0.819631901840491
----------------------------
 - Training:  MLP
acc =  0.6141367323290846
bac =  0.614320164131649
f1c =  0.5419532324621733
----------------------------
############################
 * Running for seed =  17
############################
 - Training:  KNN
acc =  0.6755504055619931
bac =  0.6752733737217496
f1c =  0.7383177570093458
----------------------------
 - Training:  NB
acc =  0.7358053302433372
bac =  0.7358184025092378
f1c =  0.7330210772833724
----------------------------
 - Training:  DT
acc =  0.6964078794901506
bac =  0.6964155280570594
f1c =  0.6946386946386947
----------------------------
 - Training:  RF
acc =  0.8261877172653534
bac =  0.8262653604880983
f1c =  0.8138957816377171
----------------------------
 - Training:  SVM
acc =  0.8227114716106605
bac =  0.8227931382658761
f1c =  0.8094645080946451
----------------------------
 - Training:  MLP
acc =  0.764774044032445
bac =  0.7648099810947839
f1c =  0.7574671445639188
----------------------------
############################
 * Running for seed =  18
############################
 - Training:  KNN
acc =  0.6396292004634995
bac =  0.6399737904958323
f1c =  0.7220732797140303
----------------------------
 - Training:  NB
acc =  0.7207415990730012
bac =  0.720750623012804
f1c =  0.7226697353279631
----------------------------
 - Training:  DT
acc =  0.712630359212051
bac =  0.7126702543610897
f1c =  0.7219730941704037
----------------------------
 - Training:  RF
acc =  0.8192352259559675
bac =  0.8191732190427086
f1c =  0.8088235294117646
----------------------------
 - Training:  SVM
acc =  0.8088064889918888
bac =  0.8087377545759216
f1c =  0.7965474722564734
----------------------------
 - Training:  MLP
acc =  0.6929316338354577
bac =  0.6928949686345278
f1c =  0.6826347305389222
----------------------------
############################
 * Running for seed =  19
############################
 - Training:  KNN
acc =  0.6732329084588644
bac =  0.6729719859070207
f1c =  0.7334593572778827
----------------------------
 - Training:  NB
acc =  0.7184241019698725
bac =  0.7184519205980923
f1c =  0.7117437722419928
----------------------------
 - Training:  DT
acc =  0.7242178447276941
bac =  0.7242013620348887
f1c =  0.7283105022831051
----------------------------
 - Training:  RF
acc =  0.8215527230590962
bac =  0.8216437870585203
f1c =  0.806532663316583
----------------------------
 - Training:  SVM
acc =  0.8076477404403245
bac =  0.8077468419695798
f1c =  0.7898734177215191
----------------------------
 - Training:  MLP
acc =  0.7497103128621089
bac =  0.7496616395978345
f1c =  0.76
----------------------------
############################
 * Running for seed =  20
############################
 - Training:  KNN
acc =  0.6720741599073001
bac =  0.6717877244994415
f1c =  0.7372330547818013
----------------------------
 - Training:  NB
acc =  0.7045191193511008
bac =  0.7045227507089455
f1c =  0.7038327526132404
----------------------------
 - Training:  DT
acc =  0.6859791425260718
bac =  0.685974692790238
f1c =  0.6874279123414072
----------------------------
 - Training:  RF
acc =  0.7995365005793743
bac =  0.7996261923176076
f1c =  0.7829360100376411
----------------------------
 - Training:  SVM
acc =  0.7809965237543454
bac =  0.7810754489988829
f1c =  0.7652173913043478
----------------------------
 - Training:  MLP
acc =  0.7195828505214369
bac =  0.7195851594053451
f1c =  0.7192575406032483
----------------------------
############################
 * Running for seed =  21
############################
 - Training:  KNN
acc =  0.6488991888760139
bac =  0.6485858683509496
f1c =  0.723792160437557
----------------------------
 - Training:  NB
acc =  0.7207415990730012
bac =  0.720721083612615
f1c =  0.7258248009101252
----------------------------
 - Training:  DT
acc =  0.7172653534183082
bac =  0.717224692790238
f1c =  0.727069351230425
----------------------------
 - Training:  RF
acc =  0.8180764774044033
bac =  0.8181124860359199
f1c =  0.8124253285543609
----------------------------
 - Training:  SVM
acc =  0.8146002317497103
bac =  0.8146322076136461
f1c =  0.8095238095238095
----------------------------
 - Training:  MLP
acc =  0.7439165701042874
bac =  0.7438423777605911
f1c =  0.7595212187159955
----------------------------
############################
 * Running for seed =  22
############################
 - Training:  KNN
acc =  0.6674391657010429
bac =  0.6671500386697602
f1c =  0.7340129749768304
----------------------------
 - Training:  NB
acc =  0.7045191193511008
bac =  0.7045415485090659
f1c =  0.6989374262101534
----------------------------
 - Training:  DT
acc =  0.7022016222479722
bac =  0.7021515424937699
f1c =  0.7147613762486126
----------------------------
 - Training:  RF
acc =  0.8424101969872537
bac =  0.8424878619919223
f1c =  0.8312655086848634
----------------------------
 - Training:  SVM
acc =  0.8238702201622248
bac =  0.8239451748732491
f1c =  0.8118811881188118
----------------------------
 - Training:  MLP
acc =  0.7068366164542295
bac =  0.7068429363237947
f1c =  0.7054714784633294
----------------------------
############################
 * Running for seed =  23
############################
 - Training:  KNN
acc =  0.6651216685979142
bac =  0.6648325384549283
f1c =  0.732159406858202
----------------------------
 - Training:  NB
acc =  0.7253765932792584
bac =  0.7253668256423477
f1c =  0.7278989667049368
----------------------------
 - Training:  DT
acc =  0.6882966396292005
bac =  0.6882895076050528
f1c =  0.6904487917146145
----------------------------
 - Training:  RF
acc =  0.8076477404403245
bac =  0.8077307295694767
f1c =  0.7930174563591023
----------------------------
 - Training:  SVM
acc =  0.8111239860950173
bac =  0.811176097791527
f1c =  0.8024242424242424
----------------------------
 - Training:  MLP
acc =  0.6987253765932793
bac =  0.6986766348715304
f1c =  0.7111111111111111
----------------------------
############################
 * Running for seed =  24
############################
 - Training:  KNN
acc =  0.6616454229432214
bac =  0.6619725874366246
f1c =  0.7359855334538877
----------------------------
 - Training:  NB
acc =  0.7230590961761297
bac =  0.7230493254275157
f1c =  0.7204678362573099
----------------------------
 - Training:  DT
acc =  0.6998841251448435
bac =  0.6998877502792816
f1c =  0.7005780346820809
----------------------------
 - Training:  RF
acc =  0.8180764774044033
bac =  0.8179809014350777
f1c =  0.8015170670037927
----------------------------
 - Training:  SVM
acc =  0.8111239860950173
bac =  0.8110418277906677
f1c =  0.7965043695380774
----------------------------
 - Training:  MLP
acc =  0.746234067207416
bac =  0.7462216421758185
f1c =  0.7432590855803048
----------------------------
############################
 * Running for seed =  25
############################
 - Training:  KNN
acc =  0.6477404403244496
bac =  0.6480138781472888
f1c =  0.7148217636022515
----------------------------
 - Training:  NB
acc =  0.7392815758980301
bac =  0.7392852539314256
f1c =  0.7398843930635838
----------------------------
 - Training:  DT
acc =  0.7056778679026651
bac =  0.7057284953166624
f1c =  0.7177777777777777
----------------------------
 - Training:  RF
acc =  0.8296639629200464
bac =  0.8296033127094612
f1c =  0.8200734394124847
----------------------------
 - Training:  SVM
acc =  0.8377752027809965
bac =  0.8377078499613302
f1c =  0.8275862068965517
----------------------------
 - Training:  MLP
acc =  0.7728852838933952
bac =  0.7729225745467044
f1c =  0.7797752808988764
----------------------------
############################
 * Running for seed =  26
############################
 - Training:  KNN
acc =  0.6616454229432214
bac =  0.6613495746326372
f1c =  0.7306273062730628
----------------------------
 - Training:  NB
acc =  0.7137891077636153
bac =  0.7137793245681876
f1c =  0.7164179104477613
----------------------------
 - Training:  DT
acc =  0.694090382387022
bac =  0.6940765446420899
f1c =  0.6979405034324943
----------------------------
 - Training:  RF
acc =  0.831981460023175
bac =  0.8320389705250495
f1c =  0.8233861144945189
----------------------------
 - Training:  SVM
acc =  0.8215527230590962
bac =  0.8216142476583312
f1c =  0.8117359413202933
----------------------------
 - Training:  MLP
acc =  0.746234067207416
bac =  0.74622969837587
f1c =  0.7474048442906573
----------------------------
############################
 * Running for seed =  27
############################
 - Training:  KNN
acc =  0.6558516801853997
bac =  0.65554373979548
f1c =  0.7282708142726441
----------------------------
 - Training:  NB
acc =  0.7103128621089224
bac =  0.7103205293460514
f1c =  0.7086247086247086
----------------------------
 - Training:  DT
acc =  0.6836616454229433
bac =  0.6836034845750623
f1c =  0.6990077177508269
----------------------------
 - Training:  RF
acc =  0.8122827346465817
bac =  0.8123469321990204
f1c =  0.8014705882352942
----------------------------
 - Training:  SVM
acc =  0.8088064889918888
bac =  0.8088908223769014
f1c =  0.7940074906367042
----------------------------
 - Training:  MLP
acc =  0.7427578215527231
bac =  0.7427709031537337
f1c =  0.7400468384074942
----------------------------
############################
 * Running for seed =  28
############################
 - Training:  KNN
acc =  0.6743916570104287
bac =  0.6741025393142563
f1c =  0.7395736793327156
----------------------------
 - Training:  NB
acc =  0.7358053302433372
bac =  0.7357888631090488
f1c =  0.7397260273972601
----------------------------
 - Training:  DT
acc =  0.6906141367323291
bac =  0.6905935808197989
f1c =  0.6962457337883959
----------------------------
 - Training:  RF
acc =  0.8342989571263036
bac =  0.8343484145398299
f1c =  0.827085852478839
----------------------------
 - Training:  SVM
acc =  0.8250289687137891
bac =  0.8250918406805878
f1c =  0.8151774785801713
----------------------------
 - Training:  MLP
acc =  0.7531865585168018
bac =  0.7531714574202973
f1c =  0.7565714285714286
----------------------------
############################
 * Running for seed =  29
############################
 - Training:  KNN
acc =  0.6558516801853997
bac =  0.6555222565953425
f1c =  0.7321911632100991
----------------------------
 - Training:  NB
acc =  0.7161066048667439
bac =  0.7160968247830197
f1c =  0.7187141216991964
----------------------------
 - Training:  DT
acc =  0.709154113557358
bac =  0.7091335825384549
f1c =  0.714448236632537
----------------------------
 - Training:  RF
acc =  0.8331402085747392
bac =  0.83321249033256
f1c =  0.8222222222222222
----------------------------
 - Training:  SVM
acc =  0.816917728852839
bac =  0.81697656182865
f1c =  0.8073170731707316
----------------------------
 - Training:  MLP
acc =  0.6581691772885284
bac =  0.6579847684111025
f1c =  0.7052947052947053
----------------------------
-------------------------------------------
dataset_3
Running for the first time.
{'KNN': Pipeline(steps=[('standardscaler', StandardScaler()),
                ('kneighborsclassifier', KNeighborsClassifier())]), 'NB': GaussianNB(), 'DT': DecisionTreeClassifier(), 'RF': RandomForestClassifier(), 'SVM': Pipeline(steps=[('standardscaler', StandardScaler()), ('svc', SVC())]), 'MLP': Pipeline(steps=[('standardscaler', StandardScaler()),
                ('mlpclassifier', MLPClassifier())])}
############################
 * Running for seed =  0
############################
 - Training:  KNN
acc =  0.7508690614136733
bac =  0.7508297886053106
f1c =  0.7418967587034813
----------------------------
 - Training:  NB
acc =  0.7137891077636153
bac =  0.7137820099682048
f1c =  0.7117852975495917
----------------------------
 - Training:  DT
acc =  0.6767091541135574
bac =  0.6767154335309788
f1c =  0.6782006920415224
----------------------------
 - Training:  RF
acc =  0.7520278099652375
bac =  0.7519549712125118
f1c =  0.7351485148514852
----------------------------
 - Training:  SVM
acc =  0.7624565469293163
bac =  0.7623394130789722
f1c =  0.7354838709677419
----------------------------
 - Training:  MLP
acc =  0.7717265353418308
bac =  0.7716416387385066
f1c =  0.753441802252816
----------------------------
############################
 * Running for seed =  1
############################
 - Training:  KNN
acc =  0.7717265353418308
bac =  0.7717544255392284
f1c =  0.7663107947805456
----------------------------
 - Training:  NB
acc =  0.7358053302433372
bac =  0.7357969193091003
f1c =  0.7379310344827587
----------------------------
 - Training:  DT
acc =  0.7161066048667439
bac =  0.7160914539829852
f1c =  0.72
----------------------------
 - Training:  RF
acc =  0.7833140208574739
bac =  0.7833446120134056
f1c =  0.7776456599286562
----------------------------
 - Training:  SVM
acc =  0.7844727694090382
bac =  0.7845584128211738
f1c =  0.7675000000000001
----------------------------
 - Training:  MLP
acc =  0.7856315179606026
bac =  0.7856889662284094
f1c =  0.7746650426309379
----------------------------
############################
 * Running for seed =  2
############################
 - Training:  KNN
acc =  0.7497103128621089
bac =  0.7496670103978689
f1c =  0.7397590361445783
----------------------------
 - Training:  NB
acc =  0.7184241019698725
bac =  0.7184223811979032
f1c =  0.7177700348432056
----------------------------
 - Training:  DT
acc =  0.6743916570104287
bac =  0.6743791355160265
f1c =  0.6705744431418523
----------------------------
 - Training:  RF
acc =  0.7624565469293163
bac =  0.762393121079316
f1c =  0.7484662576687117
----------------------------
 - Training:  SVM
acc =  0.7705677867902665
bac =  0.7704627481309616
f1c =  0.7474489795918366
----------------------------
 - Training:  MLP
acc =  0.7670915411355735
bac =  0.7669905259087393
f1c =  0.7445997458703939
----------------------------
############################
 * Running for seed =  3
############################
 - Training:  KNN
acc =  0.7589803012746235
bac =  0.7589504382572828
f1c =  0.7523809523809525
----------------------------
 - Training:  NB
acc =  0.7311703360370799
bac =  0.7311780312795395
f1c =  0.7327188940092166
----------------------------
 - Training:  DT
acc =  0.6801853997682503
bac =  0.6801849703531838
f1c =  0.679814385150812
----------------------------
 - Training:  RF
acc =  0.7520278099652375
bac =  0.7519630274125634
f1c =  0.7371007371007371
----------------------------
 - Training:  SVM
acc =  0.7659327925840093
bac =  0.7658277477012976
f1c =  0.7423469387755103
----------------------------
 - Training:  MLP
acc =  0.7717265353418308
bac =  0.7716335825384549
f1c =  0.7515762925598991
----------------------------
############################
 * Running for seed =  4
############################
 - Training:  KNN
acc =  0.7531865585168018
bac =  0.7531472888201427
f1c =  0.7442977190876351
----------------------------
 - Training:  NB
acc =  0.709154113557358
bac =  0.7091496949385581
f1c =  0.7077997671711291
----------------------------
 - Training:  DT
acc =  0.6813441483198146
bac =  0.6813611755607115
f1c =  0.6857142857142856
----------------------------
 - Training:  RF
acc =  0.7578215527230591
bac =  0.7577527498496176
f1c =  0.7422934648581997
----------------------------
 - Training:  SVM
acc =  0.7624565469293163
bac =  0.7623555254790754
f1c =  0.7395171537484116
----------------------------
 - Training:  MLP
acc =  0.7589803012746235
bac =  0.7589047864569907
f1c =  0.7419354838709677
----------------------------
############################
 * Running for seed =  5
############################
 - Training:  KNN
acc =  0.7566628041714948
bac =  0.7567242416430351
f1c =  0.7432762836185819
----------------------------
 - Training:  NB
acc =  0.7033603707995365
bac =  0.703362657901521
f1c =  0.703016241299304
----------------------------
 - Training:  DT
acc =  0.6998841251448435
bac =  0.6999011772793675
f1c =  0.6956521739130436
----------------------------
 - Training:  RF
acc =  0.7624565469293163
bac =  0.7625327618802097
f1c =  0.7459727385377943
----------------------------
 - Training:  SVM
acc =  0.7659327925840093
bac =  0.7660318381026038
f1c =  0.7443037974683545
----------------------------
 - Training:  MLP
acc =  0.761297798377752
bac =  0.7613887814728881
f1c =  0.7412060301507536
----------------------------
############################
 * Running for seed =  6
############################
 - Training:  KNN
acc =  0.7566628041714948
bac =  0.7566195110423649
f1c =  0.7469879518072289
----------------------------
 - Training:  NB
acc =  0.7184241019698725
bac =  0.7183982125977486
f1c =  0.7117437722419929
----------------------------
 - Training:  DT
acc =  0.6801853997682503
bac =  0.6802145097533728
f1c =  0.6877828054298641
----------------------------
 - Training:  RF
acc =  0.7740440324449595
bac =  0.773980622153476
f1c =  0.7607361963190185
----------------------------
 - Training:  SVM
acc =  0.7670915411355735
bac =  0.7669824697086878
f1c =  0.7426376440460947
----------------------------
 - Training:  MLP
acc =  0.7728852838933952
bac =  0.7727909899458623
f1c =  0.7525252525252525
----------------------------
############################
 * Running for seed =  7
############################
 - Training:  KNN
acc =  0.7253765932792584
bac =  0.7254151628426571
f1c =  0.7161676646706587
----------------------------
 - Training:  NB
acc =  0.697566628041715
bac =  0.6975487668643121
f1c =  0.702394526795895
----------------------------
 - Training:  DT
acc =  0.6825028968713789
bac =  0.6825212683681361
f1c =  0.6776470588235295
----------------------------
 - Training:  RF
acc =  0.7497103128621089
bac =  0.7497663701985047
f1c =  0.7372262773722628
----------------------------
 - Training:  SVM
acc =  0.7473928157589803
bac =  0.7474837801838963
f1c =  0.7261306532663316
----------------------------
 - Training:  MLP
acc =  0.746234067207416
bac =  0.7462887771762482
f1c =  0.7339003645200486
----------------------------
############################
 * Running for seed =  8
############################
 - Training:  KNN
acc =  0.7578215527230591
bac =  0.7578494242502363
f1c =  0.7520759193357057
----------------------------
 - Training:  NB
acc =  0.7184241019698725
bac =  0.7184438643980406
f1c =  0.7137809187279152
----------------------------
 - Training:  DT
acc =  0.697566628041715
bac =  0.6975863624645527
f1c =  0.6925795053003534
----------------------------
 - Training:  RF
acc =  0.7450753186558516
bac =  0.7451313697688409
f1c =  0.7323600973236009
----------------------------
 - Training:  SVM
acc =  0.7601390498261877
bac =  0.7602609134656698
f1c =  0.7322121604139715
----------------------------
 - Training:  MLP
acc =  0.7589803012746235
bac =  0.7590847082581422
f1c =  0.7353689567430025
----------------------------
############################
 * Running for seed =  9
############################
 - Training:  KNN
acc =  0.7427578215527231
bac =  0.7426983973532697
f1c =  0.7286063569682152
----------------------------
 - Training:  NB
acc =  0.7184241019698725
bac =  0.7183901563976971
f1c =  0.7096774193548387
----------------------------
 - Training:  DT
acc =  0.6859791425260718
bac =  0.6859558949901177
f1c =  0.6792899408284023
----------------------------
 - Training:  RF
acc =  0.7589803012746235
bac =  0.7589101572570249
f1c =  0.7432098765432097
----------------------------
 - Training:  SVM
acc =  0.7670915411355735
bac =  0.766971728108619
f1c =  0.7399741267787839
----------------------------
 - Training:  MLP
acc =  0.761297798377752
bac =  0.7611900618716163
f1c =  0.7365728900255754
----------------------------
############################
 * Running for seed =  10
############################
 - Training:  KNN
acc =  0.7473928157589803
bac =  0.7474569261837243
f1c =  0.732843137254902
----------------------------
 - Training:  NB
acc =  0.6894553881807648
bac =  0.6894361734123915
f1c =  0.6947608200455581
----------------------------
 - Training:  DT
acc =  0.6477404403244496
bac =  0.6477480235455874
f1c =  0.6456876456876457
----------------------------
 - Training:  RF
acc =  0.7439165701042874
bac =  0.7439954455615709
f1c =  0.7254658385093168
----------------------------
 - Training:  SVM
acc =  0.7392815758980301
bac =  0.7393899845320959
f1c =  0.7126436781609194
----------------------------
 - Training:  MLP
acc =  0.7520278099652375
bac =  0.7521160952135431
f1c =  0.731829573934837
----------------------------
############################
 * Running for seed =  11
############################
 - Training:  KNN
acc =  0.7497103128621089
bac =  0.7497072913981266
f1c =  0.7505773672055427
----------------------------
 - Training:  NB
acc =  0.7334878331402086
bac =  0.733490160694337
f1c =  0.7331786542923433
----------------------------
 - Training:  DT
acc =  0.6848203939745076
bac =  0.6848145999828135
f1c =  0.6866359447004609
----------------------------
 - Training:  RF
acc =  0.7578215527230591
bac =  0.7578628512503223
f1c =  0.7490996398559423
----------------------------
 - Training:  SVM
acc =  0.7717265353418308
bac =  0.771808133539572
f1c =  0.7546699875467
----------------------------
 - Training:  MLP
acc =  0.7682502896871379
bac =  0.7683036865171435
f1c =  0.7572815533980582
----------------------------
############################
 * Running for seed =  12
############################
 - Training:  KNN
acc =  0.7334878331402086
bac =  0.7335411832946636
f1c =  0.720873786407767
----------------------------
 - Training:  NB
acc =  0.7311703360370799
bac =  0.7311995144796769
f1c =  0.7244655581947743
----------------------------
 - Training:  DT
acc =  0.7114716106604867
bac =  0.7115128469536822
f1c =  0.7010804321728692
----------------------------
 - Training:  RF
acc =  0.764774044032445
bac =  0.7648610036951105
f1c =  0.7459324155193994
----------------------------
 - Training:  SVM
acc =  0.7624565469293163
bac =  0.7625784136805018
f1c =  0.7347994825355757
----------------------------
 - Training:  MLP
acc =  0.7601390498261877
bac =  0.7602662842657042
f1c =  0.7308192457737321
----------------------------
############################
 * Running for seed =  13
############################
 - Training:  KNN
acc =  0.7624565469293163
bac =  0.7623904356792988
f1c =  0.7478474784747847
----------------------------
 - Training:  NB
acc =  0.7045191193511008
bac =  0.7045308069089972
f1c =  0.7072330654420207
----------------------------
 - Training:  DT
acc =  0.6662804171494786
bac =  0.6662665420641058
f1c =  0.6619718309859155
----------------------------
 - Training:  RF
acc =  0.7555040556199305
bac =  0.7554325642347683
f1c =  0.7391841779975279
----------------------------
 - Training:  SVM
acc =  0.761297798377752
bac =  0.7612008034716852
f1c =  0.739240506329114
----------------------------
 - Training:  MLP
acc =  0.7624565469293163
bac =  0.762393121079316
f1c =  0.7484662576687117
----------------------------
############################
 * Running for seed =  14
############################
 - Training:  KNN
acc =  0.7670915411355735
bac =  0.7671274813096158
f1c =  0.7598566308243728
----------------------------
 - Training:  NB
acc =  0.7207415990730012
bac =  0.720707656612529
f1c =  0.7289088863892014
----------------------------
 - Training:  DT
acc =  0.6639629200463499
bac =  0.6639624688493597
f1c =  0.6643518518518519
----------------------------
 - Training:  RF
acc =  0.764774044032445
bac =  0.7648529474950589
f1c =  0.7478260869565216
----------------------------
 - Training:  SVM
acc =  0.7682502896871379
bac =  0.7683439675174014
f1c =  0.7481108312342569
----------------------------
 - Training:  MLP
acc =  0.7636152954808807
bac =  0.7636928546876343
f1c =  0.7468982630272952
----------------------------
############################
 * Running for seed =  15
############################
 - Training:  KNN
acc =  0.7508690614136733
bac =  0.7508083054051731
f1c =  0.736842105263158
----------------------------
 - Training:  NB
acc =  0.712630359212051
bac =  0.7126219171607803
f1c =  0.7102803738317757
----------------------------
 - Training:  DT
acc =  0.7045191193511008
bac =  0.7045227507089455
f1c =  0.7052023121387284
----------------------------
 - Training:  RF
acc =  0.7555040556199305
bac =  0.7554298788347512
f1c =  0.7385377942998762
----------------------------
 - Training:  SVM
acc =  0.7601390498261877
bac =  0.7600353398642262
f1c =  0.7363057324840765
----------------------------
 - Training:  MLP
acc =  0.7543453070683661
bac =  0.7542456174271719
f1c =  0.7309644670050761
----------------------------
############################
 * Running for seed =  16
############################
 - Training:  KNN
acc =  0.761297798377752
bac =  0.7613377588725616
f1c =  0.7529976019184653
----------------------------
 - Training:  NB
acc =  0.7415990730011588
bac =  0.7416054395462748
f1c =  0.7403958090803261
----------------------------
 - Training:  DT
acc =  0.7137891077636153
bac =  0.7137712683681361
f1c =  0.718358038768529
----------------------------
 - Training:  RF
acc =  0.7717265353418308
bac =  0.7717759087393659
f1c =  0.7617896009673518
----------------------------
 - Training:  SVM
acc =  0.7902665121668598
bac =  0.7903642476583312
f1c =  0.7711757269279392
----------------------------
 - Training:  MLP
acc =  0.7891077636152954
bac =  0.789166559250666
f1c =  0.7780487804878049
----------------------------
############################
 * Running for seed =  17
############################
 - Training:  KNN
acc =  0.7555040556199305
bac =  0.755556092635559
f1c =  0.7442424242424243
----------------------------
 - Training:  NB
acc =  0.7219003476245655
bac =  0.7219187720202802
f1c =  0.7176470588235294
----------------------------
 - Training:  DT
acc =  0.6848203939745076
bac =  0.6848307123829165
f1c =  0.6822429906542056
----------------------------
 - Training:  RF
acc =  0.7543453070683661
bac =  0.7544174830282719
f1c =  0.7382716049382717
----------------------------
 - Training:  SVM
acc =  0.7670915411355735
bac =  0.7672026725100971
f1c =  0.7426376440460947
----------------------------
 - Training:  MLP
acc =  0.7694090382387022
bac =  0.7695121165248775
f1c =  0.7471410419313851
----------------------------
############################
 * Running for seed =  18
############################
 - Training:  KNN
acc =  0.7427578215527231
bac =  0.742730622153476
f1c =  0.7363420427553444
----------------------------
 - Training:  NB
acc =  0.7114716106604867
bac =  0.7114698805534072
f1c =  0.710801393728223
----------------------------
 - Training:  DT
acc =  0.7022016222479722
bac =  0.7022052504941136
f1c =  0.7028901734104046
----------------------------
 - Training:  RF
acc =  0.7543453070683661
bac =  0.7542939546274814
f1c =  0.7427184466019418
----------------------------
 - Training:  SVM
acc =  0.7589803012746235
bac =  0.7588779324568188
f1c =  0.7353689567430026
----------------------------
 - Training:  MLP
acc =  0.7659327925840093
bac =  0.7658411747013836
f1c =  0.7455919395465995
----------------------------
############################
 * Running for seed =  19
############################
 - Training:  KNN
acc =  0.7404403244495944
bac =  0.7404990547391939
f1c =  0.7268292682926829
----------------------------
 - Training:  NB
acc =  0.7068366164542295
bac =  0.7068671049239494
f1c =  0.6991676575505351
----------------------------
 - Training:  DT
acc =  0.6732329084588644
bac =  0.673221728108619
f1c =  0.676605504587156
----------------------------
 - Training:  RF
acc =  0.7439165701042874
bac =  0.7439927601615537
f1c =  0.7261462205700123
----------------------------
 - Training:  SVM
acc =  0.7543453070683661
bac =  0.7544550786285125
f1c =  0.7289002557544757
----------------------------
 - Training:  MLP
acc =  0.7531865585168018
bac =  0.7532788734209848
f1c =  0.7320754716981133
----------------------------
############################
 * Running for seed =  20
############################
 - Training:  KNN
acc =  0.7601390498261877
bac =  0.7602018346652917
f1c =  0.7466340269277846
----------------------------
 - Training:  NB
acc =  0.7068366164542295
bac =  0.7068483071238292
f1c =  0.704093567251462
----------------------------
 - Training:  DT
acc =  0.7079953650057937
bac =  0.7080191415313225
f1c =  0.702127659574468
----------------------------
 - Training:  RF
acc =  0.7508690614136733
bac =  0.7509506316060841
f1c =  0.7322540473225405
----------------------------
 - Training:  SVM
acc =  0.7497103128621089
bac =  0.7498200781988484
f1c =  0.7237851662404092
----------------------------
 - Training:  MLP
acc =  0.7473928157589803
bac =  0.7474730385838274
f1c =  0.7288557213930348
----------------------------
############################
 * Running for seed =  21
############################
 - Training:  KNN
acc =  0.746234067207416
bac =  0.7462592377760591
f1c =  0.740828402366864
----------------------------
 - Training:  NB
acc =  0.727694090382387
bac =  0.7276870112571969
f1c =  0.7295742232451092
----------------------------
 - Training:  DT
acc =  0.6732329084588644
bac =  0.6732270989086534
f1c =  0.6751152073732719
----------------------------
 - Training:  RF
acc =  0.7601390498261877
bac =  0.7601884076652058
f1c =  0.7496977025392987
----------------------------
 - Training:  SVM
acc =  0.7694090382387022
bac =  0.7695013749248087
f1c =  0.7496855345911949
----------------------------
 - Training:  MLP
acc =  0.7659327925840093
bac =  0.7660184111025179
f1c =  0.7474999999999999
----------------------------
############################
 * Running for seed =  22
############################
 - Training:  KNN
acc =  0.7415990730011588
bac =  0.7416403497464983
f1c =  0.7322929171668667
----------------------------
 - Training:  NB
acc =  0.6998841251448435
bac =  0.699909233479419
f1c =  0.6934911242603551
----------------------------
 - Training:  DT
acc =  0.6859791425260718
bac =  0.6859666365901864
f1c =  0.6895761741122566
----------------------------
 - Training:  RF
acc =  0.7450753186558516
bac =  0.7451582237690126
f1c =  0.7256857855361596
----------------------------
 - Training:  SVM
acc =  0.7601390498261877
bac =  0.7602609134656698
f1c =  0.7322121604139715
----------------------------
 - Training:  MLP
acc =  0.7682502896871379
bac =  0.7683573945174873
f1c =  0.7448979591836735
----------------------------
############################
 * Running for seed =  23
############################
 - Training:  KNN
acc =  0.7439165701042874
bac =  0.7439497937612787
f1c =  0.7365911799761622
----------------------------
 - Training:  NB
acc =  0.7172653534183082
bac =  0.717267659190513
f1c =  0.7169373549883991
----------------------------
 - Training:  DT
acc =  0.6836616454229433
bac =  0.6836545071753888
f1c =  0.6858457997698505
----------------------------
 - Training:  RF
acc =  0.7589803012746235
bac =  0.7590310002577985
f1c =  0.7481840193704602
----------------------------
 - Training:  SVM
acc =  0.7601390498261877
bac =  0.7602367448655152
f1c =  0.7383059418457649
----------------------------
 - Training:  MLP
acc =  0.7497103128621089
bac =  0.7498012803987282
f1c =  0.7286432160804021
----------------------------
############################
 * Running for seed =  24
############################
 - Training:  KNN
acc =  0.7543453070683661
bac =  0.7543100670275844
f1c =  0.7464114832535884
----------------------------
 - Training:  NB
acc =  0.7195828505214369
bac =  0.7195797886053106
f1c =  0.7186046511627908
----------------------------
 - Training:  DT
acc =  0.6929316338354577
bac =  0.6929164518346653
f1c =  0.6886016451233843
----------------------------
 - Training:  RF
acc =  0.7555040556199305
bac =  0.7554594182349403
f1c =  0.7454764776839566
----------------------------
 - Training:  SVM
acc =  0.7786790266512167
bac =  0.7785645999828135
f1c =  0.7541827541827542
----------------------------
 - Training:  MLP
acc =  0.7717265353418308
bac =  0.771620155538369
f1c =  0.7484035759897828
----------------------------
############################
 * Running for seed =  25
############################
 - Training:  KNN
acc =  0.7497103128621089
bac =  0.7496965497980579
f1c =  0.7464788732394366
----------------------------
 - Training:  NB
acc =  0.7288528389339514
bac =  0.7288497894646386
f1c =  0.727906976744186
----------------------------
 - Training:  DT
acc =  0.6929316338354577
bac =  0.6929433058348371
f1c =  0.695752009184845
----------------------------
 - Training:  RF
acc =  0.7659327925840093
bac =  0.7658814557016413
f1c =  0.7548543689320388
----------------------------
 - Training:  SVM
acc =  0.7682502896871379
bac =  0.768150618716164
f1c =  0.7461928934010152
----------------------------
 - Training:  MLP
acc =  0.7694090382387022
bac =  0.7693187677236402
f1c =  0.7496855345911949
----------------------------
############################
 * Running for seed =  26
############################
 - Training:  KNN
acc =  0.7497103128621089
bac =  0.7497341453982985
f1c =  0.7446808510638298
----------------------------
 - Training:  NB
acc =  0.7068366164542295
bac =  0.7068348801237432
f1c =  0.707514450867052
----------------------------
 - Training:  DT
acc =  0.6987253765932793
bac =  0.6987008034716852
f1c =  0.7052154195011338
----------------------------
 - Training:  RF
acc =  0.7752027809965237
bac =  0.7752400747615364
f1c =  0.7679425837320574
----------------------------
 - Training:  SVM
acc =  0.7531865585168018
bac =  0.753268131820916
f1c =  0.7347447073474471
----------------------------
 - Training:  MLP
acc =  0.7578215527230591
bac =  0.7579004468505628
f1c =  0.7403726708074533
----------------------------
############################
 * Running for seed =  27
############################
 - Training:  KNN
acc =  0.7253765932792584
bac =  0.7254097920426227
f1c =  0.7175208581644815
----------------------------
 - Training:  NB
acc =  0.7022016222479722
bac =  0.7022267336942511
f1c =  0.6958579881656805
----------------------------
 - Training:  DT
acc =  0.7033603707995365
bac =  0.7033572871014866
f1c =  0.7043879907621247
----------------------------
 - Training:  RF
acc =  0.7508690614136733
bac =  0.7509345192059809
f1c =  0.7361963190184049
----------------------------
 - Training:  SVM
acc =  0.7427578215527231
bac =  0.7428675775543525
f1c =  0.7161125319693094
----------------------------
 - Training:  MLP
acc =  0.7508690614136733
bac =  0.7509452608060496
f1c =  0.7335811648079306
----------------------------
############################
 * Running for seed =  28
############################
 - Training:  KNN
acc =  0.7543453070683661
bac =  0.7543422918277907
f1c =  0.7551963048498845
----------------------------
 - Training:  NB
acc =  0.7300115874855156
bac =  0.7300071968720461
f1c =  0.7312572087658593
----------------------------
 - Training:  DT
acc =  0.6593279258400927
bac =  0.6592683896193177
f1c =  0.6762114537444933
----------------------------
 - Training:  RF
acc =  0.7543453070683661
bac =  0.7543745166279969
f1c =  0.7482185273159144
----------------------------
 - Training:  SVM
acc =  0.7775202780996524
bac =  0.7775924851765919
f1c =  0.762962962962963
----------------------------
 - Training:  MLP
acc =  0.7728852838933952
bac =  0.7729655409469794
f1c =  0.7562189054726368
----------------------------
############################
 * Running for seed =  29
############################
 - Training:  KNN
acc =  0.7392815758980301
bac =  0.7393255349316834
f1c =  0.7292418772563176
----------------------------
 - Training:  NB
acc =  0.7068366164542295
bac =  0.7068456217238119
f1c =  0.7047841306884481
----------------------------
 - Training:  DT
acc =  0.6906141367323291
bac =  0.690609693219902
f1c =  0.6920415224913494
----------------------------
 - Training:  RF
acc =  0.7578215527230591
bac =  0.7579111884506315
f1c =  0.7377666248431619
----------------------------
 - Training:  SVM
acc =  0.7497103128621089
bac =  0.7498147073988142
f1c =  0.7251908396946565
----------------------------
 - Training:  MLP
acc =  0.7566628041714948
bac =  0.7567698934433273
f1c =  0.7321428571428572
----------------------------
-------------------------------------------
